<?xml version="1.0" encoding="UTF-8"?>
<!-- Generated by org.testng.reporters.JUnitReportReporter -->
<testsuite skipped="0" hostname="WIN-QAG77A5HB8M" name="TestProject.Assured.userDetails" tests="5" failures="0" timestamp="16 Mar 2022 03:12:35 GMT" time="8.007" errors="0">
  <testcase name="userLogin" time="1.367" classname="TestProject.Assured.userDetails"/>
  <testcase name="updateUser" time="1.531" classname="TestProject.Assured.userDetails"/>
  <testcase name="userLogout" time="1.260" classname="TestProject.Assured.userDetails"/>
  <testcase name="deleteUser" time="1.328" classname="TestProject.Assured.userDetails"/>
  <testcase name="createUser" time="2.521" classname="TestProject.Assured.userDetails"/>
</testsuite> <!-- TestProject.Assured.userDetails -->
